Línea 38: la clase MSAdodcLib.Adodc del control Adodc1 no era una clase de control cargada.
Línea 85: la clase MSDataGridLib.DataGrid del control DataGrid1 no era una clase de control cargada.
Línea 44: el nombre de la propiedad _ExtentX de Adodc1 no es válido.
Línea 45: el nombre de la propiedad _ExtentY de Adodc1 no es válido.
Línea 46: el nombre de la propiedad ConnectMode de Adodc1 no es válido.
Línea 47: el nombre de la propiedad CursorLocation de Adodc1 no es válido.
Línea 48: el nombre de la propiedad IsolationLevel de Adodc1 no es válido.
Línea 49: el nombre de la propiedad ConnectionTimeout de Adodc1 no es válido.
Línea 50: el nombre de la propiedad CommandTimeout de Adodc1 no es válido.
Línea 51: el nombre de la propiedad CursorType de Adodc1 no es válido.
Línea 52: el nombre de la propiedad LockType de Adodc1 no es válido.
Línea 53: el nombre de la propiedad CommandType de Adodc1 no es válido.
Línea 54: el nombre de la propiedad CursorOptions de Adodc1 no es válido.
Línea 55: el nombre de la propiedad CacheSize de Adodc1 no es válido.
Línea 56: el nombre de la propiedad MaxRecords de Adodc1 no es válido.
Línea 57: el nombre de la propiedad BOFAction de Adodc1 no es válido.
Línea 58: el nombre de la propiedad EOFAction de Adodc1 no es válido.
Línea 59: el nombre de la propiedad ConnectStringType de Adodc1 no es válido.
Línea 63: el nombre de la propiedad Orientation de Adodc1 no es válido.
Línea 65: el nombre de la propiedad Connect de Adodc1 no es válido.
Línea 66: el nombre de la propiedad OLEDBString de Adodc1 no es válido.
Línea 67: el nombre de la propiedad OLEDBFile de Adodc1 no es válido.
Línea 68: el nombre de la propiedad DataSourceName de Adodc1 no es válido.
Línea 69: el nombre de la propiedad OtherAttributes de Adodc1 no es válido.
Línea 70: el nombre de la propiedad UserName de Adodc1 no es válido.
Línea 71: el nombre de la propiedad Password de Adodc1 no es válido.
Línea 72: el nombre de la propiedad RecordSource de Adodc1 no es válido.
Línea 73: el nombre de la propiedad Caption de Adodc1 no es válido.
Línea 83: el nombre de la propiedad _Version de Adodc1 no es válido.
Línea 86: el nombre de la propiedad Bindings de DataGrid1 no es válido.
Línea 92: el nombre de la propiedad _ExtentX de DataGrid1 no es válido.
Línea 93: el nombre de la propiedad _ExtentY de DataGrid1 no es válido.
Línea 94: el nombre de la propiedad _Version de DataGrid1 no es válido.
Línea 95: el nombre de la propiedad HeadLines de DataGrid1 no es válido.
Línea 96: el nombre de la propiedad RowHeight de DataGrid1 no es válido.
Línea 105: el nombre de la propiedad HeadFont de DataGrid1 no es válido.
Línea 115: el nombre de la propiedad ColumnCount de DataGrid1 no es válido.
Línea 128: el nombre de la propiedad Column00 de DataGrid1 no es válido.
Línea 141: el nombre de la propiedad Column01 de DataGrid1 no es válido.
Línea 142: el nombre de la propiedad SplitCount de DataGrid1 no es válido.
Línea 148: el nombre de la propiedad Split0 de DataGrid1 no es válido.
Línea 44: el nombre de la propiedad _ExtentX de Adodc1 no es válido.
Línea 45: el nombre de la propiedad _ExtentY de Adodc1 no es válido.
Línea 46: el nombre de la propiedad ConnectMode de Adodc1 no es válido.
Línea 47: el nombre de la propiedad CursorLocation de Adodc1 no es válido.
Línea 48: el nombre de la propiedad IsolationLevel de Adodc1 no es válido.
Línea 49: el nombre de la propiedad ConnectionTimeout de Adodc1 no es válido.
Línea 50: el nombre de la propiedad CommandTimeout de Adodc1 no es válido.
Línea 51: el nombre de la propiedad CursorType de Adodc1 no es válido.
Línea 52: el nombre de la propiedad LockType de Adodc1 no es válido.
Línea 53: el nombre de la propiedad CommandType de Adodc1 no es válido.
Línea 54: el nombre de la propiedad CursorOptions de Adodc1 no es válido.
Línea 55: el nombre de la propiedad CacheSize de Adodc1 no es válido.
Línea 56: el nombre de la propiedad MaxRecords de Adodc1 no es válido.
Línea 57: el nombre de la propiedad BOFAction de Adodc1 no es válido.
Línea 58: el nombre de la propiedad EOFAction de Adodc1 no es válido.
Línea 59: el nombre de la propiedad ConnectStringType de Adodc1 no es válido.
Línea 63: el nombre de la propiedad Orientation de Adodc1 no es válido.
Línea 65: el nombre de la propiedad Connect de Adodc1 no es válido.
Línea 66: el nombre de la propiedad OLEDBString de Adodc1 no es válido.
Línea 67: el nombre de la propiedad OLEDBFile de Adodc1 no es válido.
Línea 68: el nombre de la propiedad DataSourceName de Adodc1 no es válido.
Línea 69: el nombre de la propiedad OtherAttributes de Adodc1 no es válido.
Línea 70: el nombre de la propiedad UserName de Adodc1 no es válido.
Línea 71: el nombre de la propiedad Password de Adodc1 no es válido.
Línea 72: el nombre de la propiedad RecordSource de Adodc1 no es válido.
Línea 73: el nombre de la propiedad Caption de Adodc1 no es válido.
Línea 83: el nombre de la propiedad _Version de Adodc1 no es válido.
Línea 86: el nombre de la propiedad Bindings de DataGrid1 no es válido.
Línea 92: el nombre de la propiedad _ExtentX de DataGrid1 no es válido.
Línea 93: el nombre de la propiedad _ExtentY de DataGrid1 no es válido.
Línea 94: el nombre de la propiedad _Version de DataGrid1 no es válido.
Línea 95: el nombre de la propiedad HeadLines de DataGrid1 no es válido.
Línea 96: el nombre de la propiedad RowHeight de DataGrid1 no es válido.
Línea 105: el nombre de la propiedad HeadFont de DataGrid1 no es válido.
Línea 115: el nombre de la propiedad ColumnCount de DataGrid1 no es válido.
Línea 128: el nombre de la propiedad Column00 de DataGrid1 no es válido.
Línea 141: el nombre de la propiedad Column01 de DataGrid1 no es válido.
Línea 142: el nombre de la propiedad SplitCount de DataGrid1 no es válido.
Línea 148: el nombre de la propiedad Split0 de DataGrid1 no es válido.
